Performing C SOURCE FILE Test CMAKE_HAVE_LIBC_PTHREAD failed with the following output:
Change Dir: /mnt/f/studia/projekty/gra/cmake-build-debug/CMakeFiles/CMakeTmp

Run Build Command(s):/usr/bin/make cmTC_725eb/fast && make: Warning: File 'Makefile' has modification time 0.13 s in the future
/usr/bin/make  -f CMakeFiles/cmTC_725eb.dir/build.make CMakeFiles/cmTC_725eb.dir/build
make[1]: Entering directory '/mnt/f/studia/projekty/gra/cmake-build-debug/CMakeFiles/CMakeTmp'
make[1]: Warning: File 'CMakeFiles/cmTC_725eb.dir/flags.make' has modification time 0.11 s in the future
Building C object CMakeFiles/cmTC_725eb.dir/src.c.o
/usr/bin/cc   -DCMAKE_HAVE_LIBC_PTHREAD   -std=gnu99 -o CMakeFiles/cmTC_725eb.dir/src.c.o   -c /mnt/f/studia/projekty/gra/cmake-build-debug/CMakeFiles/CMakeTmp/src.c
Linking C executable cmTC_725eb
/home/dawid12349/Downloads/clion-2020.3.2/bin/cmake/linux/bin/cmake -E cmake_link_script CMakeFiles/cmTC_725eb.dir/link.txt --verbose=1
/usr/bin/cc  -DCMAKE_HAVE_LIBC_PTHREAD    CMakeFiles/cmTC_725eb.dir/src.c.o  -o cmTC_725eb 
/usr/bin/ld: CMakeFiles/cmTC_725eb.dir/src.c.o: in function `main':
src.c:(.text+0x46): undefined reference to `pthread_create'
/usr/bin/ld: src.c:(.text+0x52): undefined reference to `pthread_detach'
/usr/bin/ld: src.c:(.text+0x5e): undefined reference to `pthread_cancel'
/usr/bin/ld: src.c:(.text+0x6f): undefined reference to `pthread_join'
collect2: error: ld returned 1 exit status
make[1]: *** [CMakeFiles/cmTC_725eb.dir/build.make:107: cmTC_725eb] Error 1
make[1]: Leaving directory '/mnt/f/studia/projekty/gra/cmake-build-debug/CMakeFiles/CMakeTmp'
make: *** [Makefile:141: cmTC_725eb/fast] Error 2


Source file was:
#include <pthread.h>

void* test_func(void* data)
{
  return data;
}

int main(void)
{
  pthread_t thread;
  pthread_create(&thread, NULL, test_func, NULL);
  pthread_detach(thread);
  pthread_cancel(thread);
  pthread_join(thread, NULL);
  pthread_atfork(NULL, NULL, NULL);
  pthread_exit(NULL);

  return 0;
}

